[  0%] Built target ament_cmake_python_symlink_group11_tue4tm00_assignment1
[100%] Built target cpp_node
running egg_info
writing group11_tue4tm00_assignment1.egg-info/PKG-INFO
writing dependency_links to group11_tue4tm00_assignment1.egg-info/dependency_links.txt
writing top-level names to group11_tue4tm00_assignment1.egg-info/top_level.txt
reading manifest file 'group11_tue4tm00_assignment1.egg-info/SOURCES.txt'
writing manifest file 'group11_tue4tm00_assignment1.egg-info/SOURCES.txt'
[100%] Built target ament_cmake_python_build_group11_tue4tm00_assignment1_egg
-- Install configuration: ""
-- Execute custom install script
-- Up-to-date symlink: /home/donaku/group11_tue4tm00_ws/src/tue4tm00_group11/install/group11_tue4tm00_assignment1/lib/group11_tue4tm00_assignment1/cpp_node
-- Up-to-date symlink: /home/donaku/group11_tue4tm00_ws/src/tue4tm00_group11/install/group11_tue4tm00_assignment1/share/group11_tue4tm00_assignment1/environment/pythonpath.sh
-- Up-to-date symlink: /home/donaku/group11_tue4tm00_ws/src/tue4tm00_group11/install/group11_tue4tm00_assignment1/share/group11_tue4tm00_assignment1/environment/pythonpath.dsv
-- Up-to-date symlink: /home/donaku/group11_tue4tm00_ws/src/tue4tm00_group11/install/group11_tue4tm00_assignment1/local/lib/python3.10/dist-packages/group11_tue4tm00_assignment1-0.0.0-py3.10.egg-info/PKG-INFO
-- Up-to-date symlink: /home/donaku/group11_tue4tm00_ws/src/tue4tm00_group11/install/group11_tue4tm00_assignment1/local/lib/python3.10/dist-packages/group11_tue4tm00_assignment1-0.0.0-py3.10.egg-info/SOURCES.txt
-- Up-to-date symlink: /home/donaku/group11_tue4tm00_ws/src/tue4tm00_group11/install/group11_tue4tm00_assignment1/local/lib/python3.10/dist-packages/group11_tue4tm00_assignment1-0.0.0-py3.10.egg-info/dependency_links.txt
-- Up-to-date symlink: /home/donaku/group11_tue4tm00_ws/src/tue4tm00_group11/install/group11_tue4tm00_assignment1/local/lib/python3.10/dist-packages/group11_tue4tm00_assignment1-0.0.0-py3.10.egg-info/top_level.txt
-- Up-to-date symlink: /home/donaku/group11_tue4tm00_ws/src/tue4tm00_group11/install/group11_tue4tm00_assignment1/local/lib/python3.10/dist-packages/group11_tue4tm00_assignment1/__init__.py
-- Up-to-date symlink: /home/donaku/group11_tue4tm00_ws/src/tue4tm00_group11/install/group11_tue4tm00_assignment1/local/lib/python3.10/dist-packages/group11_tue4tm00_assignment1/my_module.py
-- Up-to-date symlink: /home/donaku/group11_tue4tm00_ws/src/tue4tm00_group11/install/group11_tue4tm00_assignment1/lib/group11_tue4tm00_assignment1/safe_twist_teleop_2D.py
-- Up-to-date symlink: /home/donaku/group11_tue4tm00_ws/src/tue4tm00_group11/install/group11_tue4tm00_assignment1/lib/group11_tue4tm00_assignment1/safe_reactive_navigation.py
-- Up-to-date symlink: /home/donaku/group11_tue4tm00_ws/src/tue4tm00_group11/install/group11_tue4tm00_assignment1/share/group11_tue4tm00_assignment1//launch/demo_safe_reactive_navigation.launch.py
-- Up-to-date symlink: /home/donaku/group11_tue4tm00_ws/src/tue4tm00_group11/install/group11_tue4tm00_assignment1/share/group11_tue4tm00_assignment1//launch/demo_safe_twist_teleop_2D.launch.py
-- Up-to-date symlink: /home/donaku/group11_tue4tm00_ws/src/tue4tm00_group11/install/group11_tue4tm00_assignment1/share/group11_tue4tm00_assignment1//launch/empty.launch.py
-- Up-to-date symlink: /home/donaku/group11_tue4tm00_ws/src/tue4tm00_group11/install/group11_tue4tm00_assignment1/share/group11_tue4tm00_assignment1//launch/safe_reactive_navigation.launch.py
-- Up-to-date symlink: /home/donaku/group11_tue4tm00_ws/src/tue4tm00_group11/install/group11_tue4tm00_assignment1/share/group11_tue4tm00_assignment1//launch/safe_twist_teleop_2D.launch.py
-- Up-to-date symlink: /home/donaku/group11_tue4tm00_ws/src/tue4tm00_group11/install/group11_tue4tm00_assignment1/share/group11_tue4tm00_assignment1//config/empty.yaml
-- Up-to-date symlink: /home/donaku/group11_tue4tm00_ws/src/tue4tm00_group11/install/group11_tue4tm00_assignment1/share/group11_tue4tm00_assignment1//config/safe_reactive_navigation.yaml
-- Up-to-date symlink: /home/donaku/group11_tue4tm00_ws/src/tue4tm00_group11/install/group11_tue4tm00_assignment1/share/group11_tue4tm00_assignment1//config/safe_twist_teleop_2D.yaml
-- Up-to-date symlink: /home/donaku/group11_tue4tm00_ws/src/tue4tm00_group11/install/group11_tue4tm00_assignment1/share/ament_index/resource_index/package_run_dependencies/group11_tue4tm00_assignment1
-- Up-to-date symlink: /home/donaku/group11_tue4tm00_ws/src/tue4tm00_group11/install/group11_tue4tm00_assignment1/share/ament_index/resource_index/parent_prefix_path/group11_tue4tm00_assignment1
-- Up-to-date symlink: /home/donaku/group11_tue4tm00_ws/src/tue4tm00_group11/install/group11_tue4tm00_assignment1/share/group11_tue4tm00_assignment1/environment/ament_prefix_path.sh
-- Up-to-date symlink: /home/donaku/group11_tue4tm00_ws/src/tue4tm00_group11/install/group11_tue4tm00_assignment1/share/group11_tue4tm00_assignment1/environment/ament_prefix_path.dsv
-- Up-to-date symlink: /home/donaku/group11_tue4tm00_ws/src/tue4tm00_group11/install/group11_tue4tm00_assignment1/share/group11_tue4tm00_assignment1/environment/path.sh
-- Up-to-date symlink: /home/donaku/group11_tue4tm00_ws/src/tue4tm00_group11/install/group11_tue4tm00_assignment1/share/group11_tue4tm00_assignment1/environment/path.dsv
-- Up-to-date symlink: /home/donaku/group11_tue4tm00_ws/src/tue4tm00_group11/install/group11_tue4tm00_assignment1/share/group11_tue4tm00_assignment1/local_setup.bash
-- Up-to-date symlink: /home/donaku/group11_tue4tm00_ws/src/tue4tm00_group11/install/group11_tue4tm00_assignment1/share/group11_tue4tm00_assignment1/local_setup.sh
-- Up-to-date symlink: /home/donaku/group11_tue4tm00_ws/src/tue4tm00_group11/install/group11_tue4tm00_assignment1/share/group11_tue4tm00_assignment1/local_setup.zsh
-- Up-to-date symlink: /home/donaku/group11_tue4tm00_ws/src/tue4tm00_group11/install/group11_tue4tm00_assignment1/share/group11_tue4tm00_assignment1/local_setup.dsv
-- Symlinking: /home/donaku/group11_tue4tm00_ws/src/tue4tm00_group11/install/group11_tue4tm00_assignment1/share/group11_tue4tm00_assignment1/package.dsv
-- Up-to-date symlink: /home/donaku/group11_tue4tm00_ws/src/tue4tm00_group11/install/group11_tue4tm00_assignment1/share/ament_index/resource_index/packages/group11_tue4tm00_assignment1
-- Up-to-date symlink: /home/donaku/group11_tue4tm00_ws/src/tue4tm00_group11/install/group11_tue4tm00_assignment1/share/group11_tue4tm00_assignment1/cmake/group11_tue4tm00_assignment1Config.cmake
-- Up-to-date symlink: /home/donaku/group11_tue4tm00_ws/src/tue4tm00_group11/install/group11_tue4tm00_assignment1/share/group11_tue4tm00_assignment1/cmake/group11_tue4tm00_assignment1Config-version.cmake
-- Up-to-date symlink: /home/donaku/group11_tue4tm00_ws/src/tue4tm00_group11/install/group11_tue4tm00_assignment1/share/group11_tue4tm00_assignment1/package.xml
Listing '/home/donaku/group11_tue4tm00_ws/src/tue4tm00_group11/install/group11_tue4tm00_assignment1/local/lib/python3.10/dist-packages/group11_tue4tm00_assignment1'...
