[0.555s] DEBUG:colcon:Command line arguments: ['/usr/bin/colcon', 'build', '--symlink-install']
[0.555s] DEBUG:colcon:Parsed command line arguments: Namespace(log_base=None, log_level=None, verb_name='build', build_base='build', install_base='install', merge_install=False, symlink_install=True, test_result_base=None, continue_on_error=False, executor='parallel', parallel_workers=16, event_handlers=None, ignore_user_meta=False, metas=['./colcon.meta'], base_paths=['.'], packages_ignore=None, packages_ignore_regex=None, paths=None, packages_up_to=None, packages_up_to_regex=None, packages_above=None, packages_above_and_dependencies=None, packages_above_depth=None, packages_select_by_dep=None, packages_skip_by_dep=None, packages_skip_up_to=None, packages_select_build_failed=False, packages_skip_build_finished=False, packages_select_test_failures=False, packages_skip_test_passed=False, packages_select=None, packages_skip=None, packages_select_regex=None, packages_skip_regex=None, packages_start=None, packages_end=None, allow_overriding=[], cmake_args=None, cmake_target=None, cmake_target_skip_unavailable=False, cmake_clean_cache=False, cmake_clean_first=False, cmake_force_configure=False, ament_cmake_args=None, catkin_cmake_args=None, catkin_skip_building_tests=False, verb_parser=<colcon_defaults.argument_parser.defaults.DefaultArgumentsDecorator object at 0x7f79f440ae90>, verb_extension=<colcon_core.verb.build.BuildVerb object at 0x7f79f440a890>, main=<bound method BuildVerb.main of <colcon_core.verb.build.BuildVerb object at 0x7f79f440a890>>)
[1.412s] Level 1:colcon.colcon_core.package_discovery:discover_packages(colcon_meta) check parameters
[1.412s] Level 1:colcon.colcon_core.package_discovery:discover_packages(recursive) check parameters
[1.412s] Level 1:colcon.colcon_core.package_discovery:discover_packages(ignore) check parameters
[1.412s] Level 1:colcon.colcon_core.package_discovery:discover_packages(path) check parameters
[1.412s] Level 1:colcon.colcon_core.package_discovery:discover_packages(colcon_meta) discover
[1.412s] Level 1:colcon.colcon_core.package_discovery:discover_packages(recursive) discover
[1.412s] INFO:colcon.colcon_core.package_discovery:Crawling recursively for packages in '/home/donaku/group11_tue4tm00_ws/src/tue4tm00_group11'
[1.413s] Level 1:colcon.colcon_core.package_identification:_identify(.) by extensions ['ignore', 'ignore_ament_install']
[1.413s] Level 1:colcon.colcon_core.package_identification:_identify(.) by extension 'ignore'
[1.413s] Level 1:colcon.colcon_core.package_identification:_identify(.) by extension 'ignore_ament_install'
[1.413s] Level 1:colcon.colcon_core.package_identification:_identify(.) by extensions ['colcon_pkg']
[1.414s] Level 1:colcon.colcon_core.package_identification:_identify(.) by extension 'colcon_pkg'
[1.414s] Level 1:colcon.colcon_core.package_identification:_identify(.) by extensions ['colcon_meta']
[1.414s] Level 1:colcon.colcon_core.package_identification:_identify(.) by extension 'colcon_meta'
[1.414s] Level 1:colcon.colcon_core.package_identification:_identify(.) by extensions ['ros']
[1.414s] Level 1:colcon.colcon_core.package_identification:_identify(.) by extension 'ros'
[1.438s] Level 1:colcon.colcon_core.package_identification:_identify(.) by extensions ['cmake', 'python']
[1.438s] Level 1:colcon.colcon_core.package_identification:_identify(.) by extension 'cmake'
[1.439s] Level 1:colcon.colcon_core.package_identification:_identify(.) by extension 'python'
[1.439s] Level 1:colcon.colcon_core.package_identification:_identify(.) by extensions ['python_setup_py']
[1.439s] Level 1:colcon.colcon_core.package_identification:_identify(.) by extension 'python_setup_py'
[1.439s] Level 1:colcon.colcon_core.package_identification:_identify(build) by extensions ['ignore', 'ignore_ament_install']
[1.439s] Level 1:colcon.colcon_core.package_identification:_identify(build) by extension 'ignore'
[1.439s] Level 1:colcon.colcon_core.package_identification:_identify(build) ignored
[1.440s] Level 1:colcon.colcon_core.package_identification:_identify(group11_tue4tm00_assignment1) by extensions ['ignore', 'ignore_ament_install']
[1.440s] Level 1:colcon.colcon_core.package_identification:_identify(group11_tue4tm00_assignment1) by extension 'ignore'
[1.440s] Level 1:colcon.colcon_core.package_identification:_identify(group11_tue4tm00_assignment1) by extension 'ignore_ament_install'
[1.440s] Level 1:colcon.colcon_core.package_identification:_identify(group11_tue4tm00_assignment1) by extensions ['colcon_pkg']
[1.440s] Level 1:colcon.colcon_core.package_identification:_identify(group11_tue4tm00_assignment1) by extension 'colcon_pkg'
[1.440s] Level 1:colcon.colcon_core.package_identification:_identify(group11_tue4tm00_assignment1) by extensions ['colcon_meta']
[1.440s] Level 1:colcon.colcon_core.package_identification:_identify(group11_tue4tm00_assignment1) by extension 'colcon_meta'
[1.440s] Level 1:colcon.colcon_core.package_identification:_identify(group11_tue4tm00_assignment1) by extensions ['ros']
[1.440s] Level 1:colcon.colcon_core.package_identification:_identify(group11_tue4tm00_assignment1) by extension 'ros'
[1.447s] DEBUG:colcon.colcon_core.package_identification:Package 'group11_tue4tm00_assignment1' with type 'ros.ament_cmake' and name 'group11_tue4tm00_assignment1'
[1.447s] Level 1:colcon.colcon_core.package_identification:_identify(install) by extensions ['ignore', 'ignore_ament_install']
[1.447s] Level 1:colcon.colcon_core.package_identification:_identify(install) by extension 'ignore'
[1.447s] Level 1:colcon.colcon_core.package_identification:_identify(install) ignored
[1.447s] Level 1:colcon.colcon_core.package_identification:_identify(log) by extensions ['ignore', 'ignore_ament_install']
[1.448s] Level 1:colcon.colcon_core.package_identification:_identify(log) by extension 'ignore'
[1.448s] Level 1:colcon.colcon_core.package_identification:_identify(log) ignored
[1.448s] Level 1:colcon.colcon_core.package_discovery:discover_packages(recursive) using defaults
[1.448s] Level 1:colcon.colcon_core.package_discovery:discover_packages(ignore) discover
[1.448s] Level 1:colcon.colcon_core.package_discovery:discover_packages(ignore) using defaults
[1.448s] Level 1:colcon.colcon_core.package_discovery:discover_packages(path) discover
[1.448s] Level 1:colcon.colcon_core.package_discovery:discover_packages(path) using defaults
[1.495s] Level 1:colcon.colcon_core.package_discovery:discover_packages(prefix_path) check parameters
[1.496s] Level 1:colcon.colcon_core.package_discovery:discover_packages(prefix_path) discover
[1.523s] DEBUG:colcon.colcon_installed_package_information.package_discovery:Found 30 installed packages in /home/donaku/tue4tm00_ws/install
[1.528s] DEBUG:colcon.colcon_installed_package_information.package_discovery:Found 310 installed packages in /opt/ros/humble
[1.544s] Level 1:colcon.colcon_core.package_discovery:discover_packages(prefix_path) using defaults
[1.855s] Level 5:colcon.colcon_core.verb:set package 'group11_tue4tm00_assignment1' build argument 'cmake_args' from command line to 'None'
[1.855s] Level 5:colcon.colcon_core.verb:set package 'group11_tue4tm00_assignment1' build argument 'cmake_target' from command line to 'None'
[1.855s] Level 5:colcon.colcon_core.verb:set package 'group11_tue4tm00_assignment1' build argument 'cmake_target_skip_unavailable' from command line to 'False'
[1.855s] Level 5:colcon.colcon_core.verb:set package 'group11_tue4tm00_assignment1' build argument 'cmake_clean_cache' from command line to 'False'
[1.855s] Level 5:colcon.colcon_core.verb:set package 'group11_tue4tm00_assignment1' build argument 'cmake_clean_first' from command line to 'False'
[1.855s] Level 5:colcon.colcon_core.verb:set package 'group11_tue4tm00_assignment1' build argument 'cmake_force_configure' from command line to 'False'
[1.855s] Level 5:colcon.colcon_core.verb:set package 'group11_tue4tm00_assignment1' build argument 'ament_cmake_args' from command line to 'None'
[1.855s] Level 5:colcon.colcon_core.verb:set package 'group11_tue4tm00_assignment1' build argument 'catkin_cmake_args' from command line to 'None'
[1.855s] Level 5:colcon.colcon_core.verb:set package 'group11_tue4tm00_assignment1' build argument 'catkin_skip_building_tests' from command line to 'False'
[1.855s] DEBUG:colcon.colcon_core.verb:Building package 'group11_tue4tm00_assignment1' with the following arguments: {'ament_cmake_args': None, 'build_base': '/home/donaku/group11_tue4tm00_ws/src/tue4tm00_group11/build/group11_tue4tm00_assignment1', 'catkin_cmake_args': None, 'catkin_skip_building_tests': False, 'cmake_args': None, 'cmake_clean_cache': False, 'cmake_clean_first': False, 'cmake_force_configure': False, 'cmake_target': None, 'cmake_target_skip_unavailable': False, 'install_base': '/home/donaku/group11_tue4tm00_ws/src/tue4tm00_group11/install/group11_tue4tm00_assignment1', 'merge_install': False, 'path': '/home/donaku/group11_tue4tm00_ws/src/tue4tm00_group11/group11_tue4tm00_assignment1', 'symlink_install': True, 'test_result_base': None}
[1.855s] INFO:colcon.colcon_core.executor:Executing jobs using 'parallel' executor
[1.857s] DEBUG:colcon.colcon_parallel_executor.executor.parallel:run_until_complete
[1.858s] INFO:colcon.colcon_ros.task.ament_cmake.build:Building ROS package in '/home/donaku/group11_tue4tm00_ws/src/tue4tm00_group11/group11_tue4tm00_assignment1' with build type 'ament_cmake'
[1.858s] INFO:colcon.colcon_cmake.task.cmake.build:Building CMake package in '/home/donaku/group11_tue4tm00_ws/src/tue4tm00_group11/group11_tue4tm00_assignment1'
[1.883s] INFO:colcon.colcon_core.plugin_system:Skipping extension 'colcon_core.shell.bat': Not used on non-Windows systems
[1.883s] INFO:colcon.colcon_core.shell:Skip shell extension 'powershell' for command environment: Not usable outside of PowerShell
[1.883s] DEBUG:colcon.colcon_core.shell:Skip shell extension 'dsv' for command environment
[1.922s] DEBUG:colcon.colcon_core.event_handler.log_command:Invoking command in '/home/donaku/group11_tue4tm00_ws/src/tue4tm00_group11/build/group11_tue4tm00_assignment1': CMAKE_PREFIX_PATH=${CMAKE_PREFIX_PATH}:/home/donaku/tue4tm00_ws/install/my_first_ros_pkg_py:/opt/ros/humble /usr/bin/cmake /home/donaku/group11_tue4tm00_ws/src/tue4tm00_group11/group11_tue4tm00_assignment1 -DAMENT_CMAKE_SYMLINK_INSTALL=1 -DCMAKE_INSTALL_PREFIX=/home/donaku/group11_tue4tm00_ws/src/tue4tm00_group11/install/group11_tue4tm00_assignment1
[16.648s] DEBUG:colcon.colcon_core.event_handler.log_command:Invoked command in '/home/donaku/group11_tue4tm00_ws/src/tue4tm00_group11/build/group11_tue4tm00_assignment1' returned '0': CMAKE_PREFIX_PATH=${CMAKE_PREFIX_PATH}:/home/donaku/tue4tm00_ws/install/my_first_ros_pkg_py:/opt/ros/humble /usr/bin/cmake /home/donaku/group11_tue4tm00_ws/src/tue4tm00_group11/group11_tue4tm00_assignment1 -DAMENT_CMAKE_SYMLINK_INSTALL=1 -DCMAKE_INSTALL_PREFIX=/home/donaku/group11_tue4tm00_ws/src/tue4tm00_group11/install/group11_tue4tm00_assignment1
[16.649s] DEBUG:colcon.colcon_core.event_handler.log_command:Invoking command in '/home/donaku/group11_tue4tm00_ws/src/tue4tm00_group11/build/group11_tue4tm00_assignment1': CMAKE_PREFIX_PATH=${CMAKE_PREFIX_PATH}:/home/donaku/tue4tm00_ws/install/my_first_ros_pkg_py:/opt/ros/humble /usr/bin/cmake --build /home/donaku/group11_tue4tm00_ws/src/tue4tm00_group11/build/group11_tue4tm00_assignment1 -- -j16 -l16
[17.181s] DEBUG:colcon.colcon_core.event_handler.log_command:Invoked command in '/home/donaku/group11_tue4tm00_ws/src/tue4tm00_group11/build/group11_tue4tm00_assignment1' returned '0': CMAKE_PREFIX_PATH=${CMAKE_PREFIX_PATH}:/home/donaku/tue4tm00_ws/install/my_first_ros_pkg_py:/opt/ros/humble /usr/bin/cmake --build /home/donaku/group11_tue4tm00_ws/src/tue4tm00_group11/build/group11_tue4tm00_assignment1 -- -j16 -l16
[17.205s] DEBUG:colcon.colcon_core.event_handler.log_command:Invoking command in '/home/donaku/group11_tue4tm00_ws/src/tue4tm00_group11/build/group11_tue4tm00_assignment1': CMAKE_PREFIX_PATH=${CMAKE_PREFIX_PATH}:/home/donaku/tue4tm00_ws/install/my_first_ros_pkg_py:/opt/ros/humble /usr/bin/cmake --install /home/donaku/group11_tue4tm00_ws/src/tue4tm00_group11/build/group11_tue4tm00_assignment1
[17.609s] Level 1:colcon.colcon_core.environment:create_environment_scripts_only(group11_tue4tm00_assignment1)
[17.611s] DEBUG:colcon.colcon_core.event_handler.log_command:Invoked command in '/home/donaku/group11_tue4tm00_ws/src/tue4tm00_group11/build/group11_tue4tm00_assignment1' returned '0': CMAKE_PREFIX_PATH=${CMAKE_PREFIX_PATH}:/home/donaku/tue4tm00_ws/install/my_first_ros_pkg_py:/opt/ros/humble /usr/bin/cmake --install /home/donaku/group11_tue4tm00_ws/src/tue4tm00_group11/build/group11_tue4tm00_assignment1
[17.626s] Level 1:colcon.colcon_core.environment:checking '/home/donaku/group11_tue4tm00_ws/src/tue4tm00_group11/install/group11_tue4tm00_assignment1' for CMake module files
[17.627s] Level 1:colcon.colcon_core.environment:checking '/home/donaku/group11_tue4tm00_ws/src/tue4tm00_group11/install/group11_tue4tm00_assignment1' for CMake config files
[17.627s] Level 1:colcon.colcon_core.shell:create_environment_hook('group11_tue4tm00_assignment1', 'cmake_prefix_path')
[17.627s] INFO:colcon.colcon_core.shell:Creating environment hook '/home/donaku/group11_tue4tm00_ws/src/tue4tm00_group11/install/group11_tue4tm00_assignment1/share/group11_tue4tm00_assignment1/hook/cmake_prefix_path.ps1'
[17.629s] INFO:colcon.colcon_core.shell:Creating environment descriptor '/home/donaku/group11_tue4tm00_ws/src/tue4tm00_group11/install/group11_tue4tm00_assignment1/share/group11_tue4tm00_assignment1/hook/cmake_prefix_path.dsv'
[17.630s] INFO:colcon.colcon_core.shell:Creating environment hook '/home/donaku/group11_tue4tm00_ws/src/tue4tm00_group11/install/group11_tue4tm00_assignment1/share/group11_tue4tm00_assignment1/hook/cmake_prefix_path.sh'
[17.631s] Level 1:colcon.colcon_core.environment:checking '/home/donaku/group11_tue4tm00_ws/src/tue4tm00_group11/install/group11_tue4tm00_assignment1/lib'
[17.631s] Level 1:colcon.colcon_core.environment:checking '/home/donaku/group11_tue4tm00_ws/src/tue4tm00_group11/install/group11_tue4tm00_assignment1/bin'
[17.632s] Level 1:colcon.colcon_core.environment:checking '/home/donaku/group11_tue4tm00_ws/src/tue4tm00_group11/install/group11_tue4tm00_assignment1/lib/pkgconfig/group11_tue4tm00_assignment1.pc'
[17.632s] Level 1:colcon.colcon_core.environment:checking '/home/donaku/group11_tue4tm00_ws/src/tue4tm00_group11/install/group11_tue4tm00_assignment1/lib/python3.10/site-packages'
[17.632s] Level 1:colcon.colcon_core.environment:checking '/home/donaku/group11_tue4tm00_ws/src/tue4tm00_group11/install/group11_tue4tm00_assignment1/bin'
[17.632s] INFO:colcon.colcon_core.shell:Creating package script '/home/donaku/group11_tue4tm00_ws/src/tue4tm00_group11/install/group11_tue4tm00_assignment1/share/group11_tue4tm00_assignment1/package.ps1'
[17.634s] INFO:colcon.colcon_core.shell:Creating package descriptor '/home/donaku/group11_tue4tm00_ws/src/tue4tm00_group11/install/group11_tue4tm00_assignment1/share/group11_tue4tm00_assignment1/package.dsv'
[17.635s] INFO:colcon.colcon_core.shell:Creating package script '/home/donaku/group11_tue4tm00_ws/src/tue4tm00_group11/install/group11_tue4tm00_assignment1/share/group11_tue4tm00_assignment1/package.sh'
[17.636s] INFO:colcon.colcon_core.shell:Creating package script '/home/donaku/group11_tue4tm00_ws/src/tue4tm00_group11/install/group11_tue4tm00_assignment1/share/group11_tue4tm00_assignment1/package.bash'
[17.637s] INFO:colcon.colcon_core.shell:Creating package script '/home/donaku/group11_tue4tm00_ws/src/tue4tm00_group11/install/group11_tue4tm00_assignment1/share/group11_tue4tm00_assignment1/package.zsh'
[17.638s] Level 1:colcon.colcon_core.environment:create_file_with_runtime_dependencies(/home/donaku/group11_tue4tm00_ws/src/tue4tm00_group11/install/group11_tue4tm00_assignment1/share/colcon-core/packages/group11_tue4tm00_assignment1)
[17.639s] Level 1:colcon.colcon_core.environment:create_environment_scripts_only(group11_tue4tm00_assignment1)
[17.640s] Level 1:colcon.colcon_core.environment:checking '/home/donaku/group11_tue4tm00_ws/src/tue4tm00_group11/install/group11_tue4tm00_assignment1' for CMake module files
[17.641s] Level 1:colcon.colcon_core.environment:checking '/home/donaku/group11_tue4tm00_ws/src/tue4tm00_group11/install/group11_tue4tm00_assignment1' for CMake config files
[17.641s] Level 1:colcon.colcon_core.shell:create_environment_hook('group11_tue4tm00_assignment1', 'cmake_prefix_path')
[17.641s] INFO:colcon.colcon_core.shell:Creating environment hook '/home/donaku/group11_tue4tm00_ws/src/tue4tm00_group11/install/group11_tue4tm00_assignment1/share/group11_tue4tm00_assignment1/hook/cmake_prefix_path.ps1'
[17.642s] INFO:colcon.colcon_core.shell:Creating environment descriptor '/home/donaku/group11_tue4tm00_ws/src/tue4tm00_group11/install/group11_tue4tm00_assignment1/share/group11_tue4tm00_assignment1/hook/cmake_prefix_path.dsv'
[17.643s] INFO:colcon.colcon_core.shell:Creating environment hook '/home/donaku/group11_tue4tm00_ws/src/tue4tm00_group11/install/group11_tue4tm00_assignment1/share/group11_tue4tm00_assignment1/hook/cmake_prefix_path.sh'
[17.643s] Level 1:colcon.colcon_core.environment:checking '/home/donaku/group11_tue4tm00_ws/src/tue4tm00_group11/install/group11_tue4tm00_assignment1/lib'
[17.643s] Level 1:colcon.colcon_core.environment:checking '/home/donaku/group11_tue4tm00_ws/src/tue4tm00_group11/install/group11_tue4tm00_assignment1/bin'
[17.644s] Level 1:colcon.colcon_core.environment:checking '/home/donaku/group11_tue4tm00_ws/src/tue4tm00_group11/install/group11_tue4tm00_assignment1/lib/pkgconfig/group11_tue4tm00_assignment1.pc'
[17.644s] Level 1:colcon.colcon_core.environment:checking '/home/donaku/group11_tue4tm00_ws/src/tue4tm00_group11/install/group11_tue4tm00_assignment1/lib/python3.10/site-packages'
[17.644s] Level 1:colcon.colcon_core.environment:checking '/home/donaku/group11_tue4tm00_ws/src/tue4tm00_group11/install/group11_tue4tm00_assignment1/bin'
[17.644s] INFO:colcon.colcon_core.shell:Creating package script '/home/donaku/group11_tue4tm00_ws/src/tue4tm00_group11/install/group11_tue4tm00_assignment1/share/group11_tue4tm00_assignment1/package.ps1'
[17.645s] INFO:colcon.colcon_core.shell:Creating package descriptor '/home/donaku/group11_tue4tm00_ws/src/tue4tm00_group11/install/group11_tue4tm00_assignment1/share/group11_tue4tm00_assignment1/package.dsv'
[17.646s] INFO:colcon.colcon_core.shell:Creating package script '/home/donaku/group11_tue4tm00_ws/src/tue4tm00_group11/install/group11_tue4tm00_assignment1/share/group11_tue4tm00_assignment1/package.sh'
[17.646s] INFO:colcon.colcon_core.shell:Creating package script '/home/donaku/group11_tue4tm00_ws/src/tue4tm00_group11/install/group11_tue4tm00_assignment1/share/group11_tue4tm00_assignment1/package.bash'
[17.646s] INFO:colcon.colcon_core.shell:Creating package script '/home/donaku/group11_tue4tm00_ws/src/tue4tm00_group11/install/group11_tue4tm00_assignment1/share/group11_tue4tm00_assignment1/package.zsh'
[17.647s] Level 1:colcon.colcon_core.environment:create_file_with_runtime_dependencies(/home/donaku/group11_tue4tm00_ws/src/tue4tm00_group11/install/group11_tue4tm00_assignment1/share/colcon-core/packages/group11_tue4tm00_assignment1)
[17.647s] DEBUG:colcon.colcon_parallel_executor.executor.parallel:closing loop
[17.648s] DEBUG:colcon.colcon_parallel_executor.executor.parallel:loop closed
[17.648s] DEBUG:colcon.colcon_parallel_executor.executor.parallel:run_until_complete finished with '0'
[17.648s] DEBUG:colcon.colcon_core.event_reactor:joining thread
[17.784s] INFO:colcon.colcon_core.plugin_system:Skipping extension 'colcon_notification.desktop_notification.notify_send': Could not find 'notify-send'
[17.784s] INFO:colcon.colcon_core.plugin_system:Skipping extension 'colcon_notification.desktop_notification.terminal_notifier': Not used on non-Darwin systems
[17.785s] INFO:colcon.colcon_core.plugin_system:Skipping extension 'colcon_notification.desktop_notification.win32': Not used on non-Windows systems
[17.785s] INFO:colcon.colcon_notification.desktop_notification:Sending desktop notification using 'notify2'
[17.785s] DEBUG:colcon.colcon_notification.desktop_notification.notify2:Failed to initialize notify2: org.freedesktop.DBus.Error.FileNotFound: Failed to connect to socket /run/user/1000/bus: No such file or directory
[17.785s] DEBUG:colcon.colcon_core.event_reactor:joined thread
[17.786s] INFO:colcon.colcon_core.shell:Creating prefix script '/home/donaku/group11_tue4tm00_ws/src/tue4tm00_group11/install/local_setup.ps1'
[17.790s] INFO:colcon.colcon_core.shell:Creating prefix util module '/home/donaku/group11_tue4tm00_ws/src/tue4tm00_group11/install/_local_setup_util_ps1.py'
[17.796s] INFO:colcon.colcon_core.shell:Creating prefix chain script '/home/donaku/group11_tue4tm00_ws/src/tue4tm00_group11/install/setup.ps1'
[17.798s] INFO:colcon.colcon_core.shell:Creating prefix script '/home/donaku/group11_tue4tm00_ws/src/tue4tm00_group11/install/local_setup.sh'
[17.803s] INFO:colcon.colcon_core.shell:Creating prefix util module '/home/donaku/group11_tue4tm00_ws/src/tue4tm00_group11/install/_local_setup_util_sh.py'
[17.803s] INFO:colcon.colcon_core.shell:Creating prefix chain script '/home/donaku/group11_tue4tm00_ws/src/tue4tm00_group11/install/setup.sh'
[17.808s] INFO:colcon.colcon_core.shell:Creating prefix script '/home/donaku/group11_tue4tm00_ws/src/tue4tm00_group11/install/local_setup.bash'
[17.809s] INFO:colcon.colcon_core.shell:Creating prefix chain script '/home/donaku/group11_tue4tm00_ws/src/tue4tm00_group11/install/setup.bash'
[17.812s] INFO:colcon.colcon_core.shell:Creating prefix script '/home/donaku/group11_tue4tm00_ws/src/tue4tm00_group11/install/local_setup.zsh'
[17.813s] INFO:colcon.colcon_core.shell:Creating prefix chain script '/home/donaku/group11_tue4tm00_ws/src/tue4tm00_group11/install/setup.zsh'
