[0.031s] Invoking command in '/home/donaku/group11_tue4tm00_ws/src/tue4tm00_group11/build/group11_tue4tm00_assignment1': CMAKE_PREFIX_PATH=${CMAKE_PREFIX_PATH}:/home/donaku/tue4tm00_ws/install/my_first_ros_pkg_py:/opt/ros/humble /usr/bin/cmake --build /home/donaku/group11_tue4tm00_ws/src/tue4tm00_group11/build/group11_tue4tm00_assignment1 -- -j16 -l16
[0.108s] [100%] Built target cpp_node
[0.113s] [100%] Built target ament_cmake_python_symlink_group11_tue4tm00_assignment1
[0.527s] running egg_info
[0.529s] writing group11_tue4tm00_assignment1.egg-info/PKG-INFO
[0.529s] writing dependency_links to group11_tue4tm00_assignment1.egg-info/dependency_links.txt
[0.529s] writing top-level names to group11_tue4tm00_assignment1.egg-info/top_level.txt
[0.534s] reading manifest file 'group11_tue4tm00_assignment1.egg-info/SOURCES.txt'
[0.535s] writing manifest file 'group11_tue4tm00_assignment1.egg-info/SOURCES.txt'
[0.578s] [100%] Built target ament_cmake_python_build_group11_tue4tm00_assignment1_egg
[0.590s] Invoked command in '/home/donaku/group11_tue4tm00_ws/src/tue4tm00_group11/build/group11_tue4tm00_assignment1' returned '0': CMAKE_PREFIX_PATH=${CMAKE_PREFIX_PATH}:/home/donaku/tue4tm00_ws/install/my_first_ros_pkg_py:/opt/ros/humble /usr/bin/cmake --build /home/donaku/group11_tue4tm00_ws/src/tue4tm00_group11/build/group11_tue4tm00_assignment1 -- -j16 -l16
[0.603s] Invoking command in '/home/donaku/group11_tue4tm00_ws/src/tue4tm00_group11/build/group11_tue4tm00_assignment1': CMAKE_PREFIX_PATH=${CMAKE_PREFIX_PATH}:/home/donaku/tue4tm00_ws/install/my_first_ros_pkg_py:/opt/ros/humble /usr/bin/cmake --install /home/donaku/group11_tue4tm00_ws/src/tue4tm00_group11/build/group11_tue4tm00_assignment1
[0.611s] -- Install configuration: ""
[0.611s] -- Execute custom install script
[0.612s] -- Up-to-date symlink: /home/donaku/group11_tue4tm00_ws/src/tue4tm00_group11/install/group11_tue4tm00_assignment1/lib/group11_tue4tm00_assignment1/cpp_node
[0.612s] -- Up-to-date symlink: /home/donaku/group11_tue4tm00_ws/src/tue4tm00_group11/install/group11_tue4tm00_assignment1/share/group11_tue4tm00_assignment1/environment/pythonpath.sh
[0.612s] -- Up-to-date symlink: /home/donaku/group11_tue4tm00_ws/src/tue4tm00_group11/install/group11_tue4tm00_assignment1/share/group11_tue4tm00_assignment1/environment/pythonpath.dsv
[0.612s] -- Up-to-date symlink: /home/donaku/group11_tue4tm00_ws/src/tue4tm00_group11/install/group11_tue4tm00_assignment1/local/lib/python3.10/dist-packages/group11_tue4tm00_assignment1-0.0.0-py3.10.egg-info/PKG-INFO
[0.613s] -- Up-to-date symlink: /home/donaku/group11_tue4tm00_ws/src/tue4tm00_group11/install/group11_tue4tm00_assignment1/local/lib/python3.10/dist-packages/group11_tue4tm00_assignment1-0.0.0-py3.10.egg-info/SOURCES.txt
[0.613s] -- Up-to-date symlink: /home/donaku/group11_tue4tm00_ws/src/tue4tm00_group11/install/group11_tue4tm00_assignment1/local/lib/python3.10/dist-packages/group11_tue4tm00_assignment1-0.0.0-py3.10.egg-info/dependency_links.txt
[0.613s] -- Up-to-date symlink: /home/donaku/group11_tue4tm00_ws/src/tue4tm00_group11/install/group11_tue4tm00_assignment1/local/lib/python3.10/dist-packages/group11_tue4tm00_assignment1-0.0.0-py3.10.egg-info/top_level.txt
[0.613s] -- Up-to-date symlink: /home/donaku/group11_tue4tm00_ws/src/tue4tm00_group11/install/group11_tue4tm00_assignment1/local/lib/python3.10/dist-packages/group11_tue4tm00_assignment1/__init__.py
[0.614s] -- Up-to-date symlink: /home/donaku/group11_tue4tm00_ws/src/tue4tm00_group11/install/group11_tue4tm00_assignment1/local/lib/python3.10/dist-packages/group11_tue4tm00_assignment1/my_module.py
[0.614s] -- Up-to-date symlink: /home/donaku/group11_tue4tm00_ws/src/tue4tm00_group11/install/group11_tue4tm00_assignment1/lib/group11_tue4tm00_assignment1/safe_twist_teleop_2D.py
[0.614s] -- Up-to-date symlink: /home/donaku/group11_tue4tm00_ws/src/tue4tm00_group11/install/group11_tue4tm00_assignment1/lib/group11_tue4tm00_assignment1/safe_reactive_navigation.py
[0.615s] -- Up-to-date symlink: /home/donaku/group11_tue4tm00_ws/src/tue4tm00_group11/install/group11_tue4tm00_assignment1/share/group11_tue4tm00_assignment1//launch/demo_safe_reactive_navigation.launch.py
[0.615s] -- Up-to-date symlink: /home/donaku/group11_tue4tm00_ws/src/tue4tm00_group11/install/group11_tue4tm00_assignment1/share/group11_tue4tm00_assignment1//launch/demo_safe_twist_teleop_2D.launch.py
[0.615s] -- Up-to-date symlink: /home/donaku/group11_tue4tm00_ws/src/tue4tm00_group11/install/group11_tue4tm00_assignment1/share/group11_tue4tm00_assignment1//launch/empty.launch.py
[0.615s] -- Up-to-date symlink: /home/donaku/group11_tue4tm00_ws/src/tue4tm00_group11/install/group11_tue4tm00_assignment1/share/group11_tue4tm00_assignment1//launch/safe_reactive_navigation.launch.py
[0.616s] -- Up-to-date symlink: /home/donaku/group11_tue4tm00_ws/src/tue4tm00_group11/install/group11_tue4tm00_assignment1/share/group11_tue4tm00_assignment1//launch/safe_twist_teleop_2D.launch.py
[0.616s] -- Up-to-date symlink: /home/donaku/group11_tue4tm00_ws/src/tue4tm00_group11/install/group11_tue4tm00_assignment1/share/group11_tue4tm00_assignment1//config/empty.yaml
[0.621s] -- Up-to-date symlink: /home/donaku/group11_tue4tm00_ws/src/tue4tm00_group11/install/group11_tue4tm00_assignment1/share/group11_tue4tm00_assignment1//config/safe_reactive_navigation.yaml
[0.621s] -- Up-to-date symlink: /home/donaku/group11_tue4tm00_ws/src/tue4tm00_group11/install/group11_tue4tm00_assignment1/share/group11_tue4tm00_assignment1//config/safe_twist_teleop_2D.yaml
[0.621s] -- Up-to-date symlink: /home/donaku/group11_tue4tm00_ws/src/tue4tm00_group11/install/group11_tue4tm00_assignment1/share/ament_index/resource_index/package_run_dependencies/group11_tue4tm00_assignment1
[0.621s] -- Up-to-date symlink: /home/donaku/group11_tue4tm00_ws/src/tue4tm00_group11/install/group11_tue4tm00_assignment1/share/ament_index/resource_index/parent_prefix_path/group11_tue4tm00_assignment1
[0.622s] -- Up-to-date symlink: /home/donaku/group11_tue4tm00_ws/src/tue4tm00_group11/install/group11_tue4tm00_assignment1/share/group11_tue4tm00_assignment1/environment/ament_prefix_path.sh
[0.622s] -- Up-to-date symlink: /home/donaku/group11_tue4tm00_ws/src/tue4tm00_group11/install/group11_tue4tm00_assignment1/share/group11_tue4tm00_assignment1/environment/ament_prefix_path.dsv
[0.622s] -- Up-to-date symlink: /home/donaku/group11_tue4tm00_ws/src/tue4tm00_group11/install/group11_tue4tm00_assignment1/share/group11_tue4tm00_assignment1/environment/path.sh
[0.622s] -- Up-to-date symlink: /home/donaku/group11_tue4tm00_ws/src/tue4tm00_group11/install/group11_tue4tm00_assignment1/share/group11_tue4tm00_assignment1/environment/path.dsv
[0.622s] -- Up-to-date symlink: /home/donaku/group11_tue4tm00_ws/src/tue4tm00_group11/install/group11_tue4tm00_assignment1/share/group11_tue4tm00_assignment1/local_setup.bash
[0.622s] -- Up-to-date symlink: /home/donaku/group11_tue4tm00_ws/src/tue4tm00_group11/install/group11_tue4tm00_assignment1/share/group11_tue4tm00_assignment1/local_setup.sh
[0.622s] -- Up-to-date symlink: /home/donaku/group11_tue4tm00_ws/src/tue4tm00_group11/install/group11_tue4tm00_assignment1/share/group11_tue4tm00_assignment1/local_setup.zsh
[0.622s] -- Up-to-date symlink: /home/donaku/group11_tue4tm00_ws/src/tue4tm00_group11/install/group11_tue4tm00_assignment1/share/group11_tue4tm00_assignment1/local_setup.dsv
[0.622s] -- Symlinking: /home/donaku/group11_tue4tm00_ws/src/tue4tm00_group11/install/group11_tue4tm00_assignment1/share/group11_tue4tm00_assignment1/package.dsv
[0.632s] -- Up-to-date symlink: /home/donaku/group11_tue4tm00_ws/src/tue4tm00_group11/install/group11_tue4tm00_assignment1/share/ament_index/resource_index/packages/group11_tue4tm00_assignment1
[0.632s] -- Up-to-date symlink: /home/donaku/group11_tue4tm00_ws/src/tue4tm00_group11/install/group11_tue4tm00_assignment1/share/group11_tue4tm00_assignment1/cmake/group11_tue4tm00_assignment1Config.cmake
[0.632s] -- Up-to-date symlink: /home/donaku/group11_tue4tm00_ws/src/tue4tm00_group11/install/group11_tue4tm00_assignment1/share/group11_tue4tm00_assignment1/cmake/group11_tue4tm00_assignment1Config-version.cmake
[0.633s] -- Up-to-date symlink: /home/donaku/group11_tue4tm00_ws/src/tue4tm00_group11/install/group11_tue4tm00_assignment1/share/group11_tue4tm00_assignment1/package.xml
[0.686s] Listing '/home/donaku/group11_tue4tm00_ws/src/tue4tm00_group11/install/group11_tue4tm00_assignment1/local/lib/python3.10/dist-packages/group11_tue4tm00_assignment1'...
[0.693s] Invoked command in '/home/donaku/group11_tue4tm00_ws/src/tue4tm00_group11/build/group11_tue4tm00_assignment1' returned '0': CMAKE_PREFIX_PATH=${CMAKE_PREFIX_PATH}:/home/donaku/tue4tm00_ws/install/my_first_ros_pkg_py:/opt/ros/humble /usr/bin/cmake --install /home/donaku/group11_tue4tm00_ws/src/tue4tm00_group11/build/group11_tue4tm00_assignment1
